0 info it worked if it ends with ok
1 verbose cli [ '/usr/bin/node', '/usr/bin/npm', 'i', '--save', 'lodash.get' ]
2 info using npm@3.5.2
3 info using node@v8.10.0
4 verbose config Skipping project config: /home/cristian/.npmrc. (matches userconfig)
5 silly loadCurrentTree Starting
6 silly install loadCurrentTree
7 silly install readLocalPackageData
8 silly fetchPackageMetaData lodash.get
9 silly fetchNamedPackageData lodash.get
10 silly mapToRegistry name lodash.get
11 silly mapToRegistry using default registry
12 silly mapToRegistry registry https://registry.npmjs.org/
13 silly mapToRegistry uri https://registry.npmjs.org/lodash.get
14 verbose request uri https://registry.npmjs.org/lodash.get
15 verbose request no auth needed
16 info attempt registry request try #1 at 10:41:58 PM
17 verbose request id 60612b8bedf84d10
18 http request GET https://registry.npmjs.org/lodash.get
19 http 200 https://registry.npmjs.org/lodash.get
20 verbose headers { date: 'Thu, 17 Sep 2020 03:41:59 GMT',
20 verbose headers   'content-type': 'application/json; charset=UTF-8',
20 verbose headers   'transfer-encoding': 'chunked',
20 verbose headers   connection: 'keep-alive',
20 verbose headers   'set-cookie':
20 verbose headers    [ '__cfduid=d64ee3de7e3a2a238139d4a78c9f2fc4e1600314119; expires=Sat, 17-Oct-20 03:41:59 GMT; path=/; domain=.npmjs.org; HttpOnly; SameSite=Lax' ],
20 verbose headers   'cf-ray': '5d3fd08e2c1e0455-MIA',
20 verbose headers   age: '423',
20 verbose headers   'cache-control': 'public, max-age=300',
20 verbose headers   etag: 'W/"fff821c1ff814fa1ebc6addc6b5c4f1a"',
20 verbose headers   'last-modified': 'Sun, 27 May 2018 06:58:31 GMT',
20 verbose headers   vary: 'accept-encoding, accept',
20 verbose headers   'cf-cache-status': 'HIT',
20 verbose headers   'cf-request-id': '053bc0acdb00000455e31ab200000001',
20 verbose headers   'expect-ct': 'max-age=604800, report-uri="https://report-uri.cloudflare.com/cdn-cgi/beacon/expect-ct"',
20 verbose headers   server: 'cloudflare',
20 verbose headers   'content-encoding': 'gzip' }
21 silly get cb [ 200,
21 silly get   { date: 'Thu, 17 Sep 2020 03:41:59 GMT',
21 silly get     'content-type': 'application/json; charset=UTF-8',
21 silly get     'transfer-encoding': 'chunked',
21 silly get     connection: 'keep-alive',
21 silly get     'set-cookie':
21 silly get      [ '__cfduid=d64ee3de7e3a2a238139d4a78c9f2fc4e1600314119; expires=Sat, 17-Oct-20 03:41:59 GMT; path=/; domain=.npmjs.org; HttpOnly; SameSite=Lax' ],
21 silly get     'cf-ray': '5d3fd08e2c1e0455-MIA',
21 silly get     age: '423',
21 silly get     'cache-control': 'public, max-age=300',
21 silly get     etag: 'W/"fff821c1ff814fa1ebc6addc6b5c4f1a"',
21 silly get     'last-modified': 'Sun, 27 May 2018 06:58:31 GMT',
21 silly get     vary: 'accept-encoding, accept',
21 silly get     'cf-cache-status': 'HIT',
21 silly get     'cf-request-id': '053bc0acdb00000455e31ab200000001',
21 silly get     'expect-ct': 'max-age=604800, report-uri="https://report-uri.cloudflare.com/cdn-cgi/beacon/expect-ct"',
21 silly get     server: 'cloudflare',
21 silly get     'content-encoding': 'gzip' } ]
22 verbose get saving lodash.get to /home/cristian/.npm/registry.npmjs.org/lodash.get/.cache.json
23 silly install normalizeTree
24 silly loadCurrentTree Finishing
25 silly loadIdealTree Starting
26 silly install loadIdealTree
27 silly cloneCurrentTree Starting
28 silly install cloneCurrentTreeToIdealTree
29 silly cloneCurrentTree Finishing
30 silly loadShrinkwrap Starting
31 silly install loadShrinkwrap
32 silly loadShrinkwrap Finishing
33 silly loadAllDepsIntoIdealTree Starting
34 silly install loadAllDepsIntoIdealTree
35 silly resolveWithNewModule lodash.get@4.4.2 checking installable status
36 silly cache add args [ 'lodash.get', null ]
37 verbose cache add spec lodash.get
38 silly cache add parsed spec Result {
38 silly cache add   raw: 'lodash.get',
38 silly cache add   scope: null,
38 silly cache add   name: 'lodash.get',
38 silly cache add   rawSpec: '',
38 silly cache add   spec: 'latest',
38 silly cache add   type: 'tag' }
39 silly addNamed lodash.get@latest
40 verbose addNamed "latest" is being treated as a dist-tag for lodash.get
41 info addNameTag [ 'lodash.get', 'latest' ]
42 silly mapToRegistry name lodash.get
43 silly mapToRegistry using default registry
44 silly mapToRegistry registry https://registry.npmjs.org/
45 silly mapToRegistry uri https://registry.npmjs.org/lodash.get
46 verbose addNameTag registry:https://registry.npmjs.org/lodash.get not in flight; fetching
47 verbose get https://registry.npmjs.org/lodash.get not expired, no request
48 silly addNameTag next cb for lodash.get with tag latest
49 silly addNamed lodash.get@4.4.2
50 verbose addNamed "4.4.2" is a plain semver version for lodash.get
51 silly mapToRegistry name lodash.get
52 silly mapToRegistry using default registry
53 silly mapToRegistry registry https://registry.npmjs.org/
54 silly mapToRegistry uri https://registry.npmjs.org/lodash.get
55 verbose addRemoteTarball https://registry.npmjs.org/lodash.get/-/lodash.get-4.4.2.tgz not in flight; adding
56 verbose addRemoteTarball [ 'https://registry.npmjs.org/lodash.get/-/lodash.get-4.4.2.tgz',
56 verbose addRemoteTarball   '2d177f652fa31e939b4438d5341499dfa3825e99' ]
57 info retry fetch attempt 1 at 10:41:59 PM
58 info attempt registry request try #1 at 10:41:59 PM
59 http fetch GET https://registry.npmjs.org/lodash.get/-/lodash.get-4.4.2.tgz
60 http fetch 200 https://registry.npmjs.org/lodash.get/-/lodash.get-4.4.2.tgz
61 silly fetchAndShaCheck shasum 2d177f652fa31e939b4438d5341499dfa3825e99
62 verbose addTmpTarball /tmp/npm-13040-bce57e7f/registry.npmjs.org/lodash.get/-/lodash.get-4.4.2.tgz not in flight; adding
63 verbose addTmpTarball already have metadata; skipping unpack for lodash.get@4.4.2
64 silly cache afterAdd lodash.get@4.4.2
65 verbose afterAdd /home/cristian/.npm/lodash.get/4.4.2/package/package.json not in flight; writing
66 verbose afterAdd /home/cristian/.npm/lodash.get/4.4.2/package/package.json written
67 silly loadAllDepsIntoIdealTree Finishing
68 silly idealTree:prePrune cristian
68 silly idealTree:prePrune ├── @babel/runtime@7.11.2
68 silly idealTree:prePrune ├── @popperjs/core@2.4.4
68 silly idealTree:prePrune ├── @restart/context@2.1.4
68 silly idealTree:prePrune ├── @restart/hooks@0.3.25
68 silly idealTree:prePrune ├── @types/classnames@2.2.10
68 silly idealTree:prePrune ├── @types/invariant@2.2.33
68 silly idealTree:prePrune ├── @types/prop-types@15.7.3
68 silly idealTree:prePrune ├── @types/react-transition-group@4.4.0
68 silly idealTree:prePrune ├── @types/react@16.9.46
68 silly idealTree:prePrune ├── @types/warning@3.0.0
68 silly idealTree:prePrune ├── accepts@1.3.7
68 silly idealTree:prePrune ├── array-flatten@1.1.1
68 silly idealTree:prePrune ├── async@0.2.10
68 silly idealTree:prePrune ├── body-parser@1.19.0
68 silly idealTree:prePrune ├── bootstrap@4.5.2
68 silly idealTree:prePrune ├── busboy@0.3.1
68 silly idealTree:prePrune ├── bytes@3.1.0
68 silly idealTree:prePrune ├── classnames@2.2.6
68 silly idealTree:prePrune ├── content-disposition@0.5.3
68 silly idealTree:prePrune ├── content-type@1.0.4
68 silly idealTree:prePrune ├── cookie-signature@1.0.6
68 silly idealTree:prePrune ├── cookie@0.4.0
68 silly idealTree:prePrune ├── cors@2.8.5
68 silly idealTree:prePrune ├── csstype@3.0.2
68 silly idealTree:prePrune ├── debug@2.6.9
68 silly idealTree:prePrune ├── depd@1.1.2
68 silly idealTree:prePrune ├── destroy@1.0.4
68 silly idealTree:prePrune ├── dicer@0.3.0
68 silly idealTree:prePrune ├── dom-helpers@5.2.0
68 silly idealTree:prePrune ├── ee-first@1.1.1
68 silly idealTree:prePrune ├── encodeurl@1.0.2
68 silly idealTree:prePrune ├── escape-html@1.0.3
68 silly idealTree:prePrune ├── etag@1.8.1
68 silly idealTree:prePrune ├── express-fileupload@1.2.0
68 silly idealTree:prePrune ├── express@4.17.1
68 silly idealTree:prePrune ├── finalhandler@1.1.2
68 silly idealTree:prePrune ├── forwarded@0.1.2
68 silly idealTree:prePrune ├── fresh@0.5.2
68 silly idealTree:prePrune ├── http-errors@1.7.2
68 silly idealTree:prePrune ├── iconv-lite@0.4.24
68 silly idealTree:prePrune ├── inherits@2.0.3
68 silly idealTree:prePrune ├── invariant@2.2.4
68 silly idealTree:prePrune ├── ipaddr.js@1.9.1
68 silly idealTree:prePrune ├── js-tokens@4.0.0
68 silly idealTree:prePrune ├── lodash-es@4.17.15
68 silly idealTree:prePrune ├── lodash-express@0.2.0
68 silly idealTree:prePrune ├── lodash._reinterpolate@3.0.0
68 silly idealTree:prePrune ├── lodash.get@4.4.2
68 silly idealTree:prePrune ├── lodash.template@4.5.0
68 silly idealTree:prePrune ├── lodash.templatesettings@4.2.0
68 silly idealTree:prePrune ├── lodash@4.17.20
68 silly idealTree:prePrune ├── loose-envify@1.4.0
68 silly idealTree:prePrune ├── media-typer@0.3.0
68 silly idealTree:prePrune ├── merge-descriptors@1.0.1
68 silly idealTree:prePrune ├── methods@1.1.2
68 silly idealTree:prePrune ├── mime-db@1.44.0
68 silly idealTree:prePrune ├── mime-types@2.1.27
68 silly idealTree:prePrune ├── mime@1.6.0
68 silly idealTree:prePrune ├── ms@2.0.0
68 silly idealTree:prePrune ├── negotiator@0.6.2
68 silly idealTree:prePrune ├── object-assign@4.1.1
68 silly idealTree:prePrune ├── on-finished@2.3.0
68 silly idealTree:prePrune ├── parseurl@1.3.3
68 silly idealTree:prePrune ├── path-to-regexp@0.1.7
68 silly idealTree:prePrune ├── prop-types-extra@1.1.1
68 silly idealTree:prePrune ├── prop-types@15.7.2
68 silly idealTree:prePrune ├── proxy-addr@2.0.6
68 silly idealTree:prePrune ├── qs@6.7.0
68 silly idealTree:prePrune ├── range-parser@1.2.1
68 silly idealTree:prePrune ├── raw-body@2.4.0
68 silly idealTree:prePrune ├── react-bootstrap@1.3.0
68 silly idealTree:prePrune ├── react-is@16.13.1
68 silly idealTree:prePrune ├── react-lifecycles-compat@3.0.4
68 silly idealTree:prePrune ├── react-overlays@4.1.0
68 silly idealTree:prePrune ├── react-transition-group@4.4.1
68 silly idealTree:prePrune ├── regenerator-runtime@0.13.7
68 silly idealTree:prePrune ├── safe-buffer@5.1.2
68 silly idealTree:prePrune ├── safer-buffer@2.1.2
68 silly idealTree:prePrune ├─┬ send@0.17.1
68 silly idealTree:prePrune │ └── ms@2.1.1
68 silly idealTree:prePrune ├── serve-static@1.14.1
68 silly idealTree:prePrune ├── setprototypeof@1.1.1
68 silly idealTree:prePrune ├── statuses@1.5.0
68 silly idealTree:prePrune ├── streamsearch@0.1.2
68 silly idealTree:prePrune ├── toidentifier@1.0.0
68 silly idealTree:prePrune ├── type-is@1.6.18
68 silly idealTree:prePrune ├── uncontrollable@7.1.1
68 silly idealTree:prePrune ├── unpipe@1.0.0
68 silly idealTree:prePrune ├── utils-merge@1.0.1
68 silly idealTree:prePrune ├── vary@1.1.2
68 silly idealTree:prePrune └── warning@4.0.3
69 silly loadIdealTree Finishing
70 silly currentTree cristian
70 silly currentTree ├── @babel/runtime@7.11.2
70 silly currentTree ├── @popperjs/core@2.4.4
70 silly currentTree ├── @restart/context@2.1.4
70 silly currentTree ├── @restart/hooks@0.3.25
70 silly currentTree ├── @types/classnames@2.2.10
70 silly currentTree ├── @types/invariant@2.2.33
70 silly currentTree ├── @types/prop-types@15.7.3
70 silly currentTree ├── @types/react-transition-group@4.4.0
70 silly currentTree ├── @types/react@16.9.46
70 silly currentTree ├── @types/warning@3.0.0
70 silly currentTree ├── accepts@1.3.7
70 silly currentTree ├── array-flatten@1.1.1
70 silly currentTree ├── async@0.2.10
70 silly currentTree ├── body-parser@1.19.0
70 silly currentTree ├── bootstrap@4.5.2
70 silly currentTree ├── busboy@0.3.1
70 silly currentTree ├── bytes@3.1.0
70 silly currentTree ├── classnames@2.2.6
70 silly currentTree ├── content-disposition@0.5.3
70 silly currentTree ├── content-type@1.0.4
70 silly currentTree ├── cookie-signature@1.0.6
70 silly currentTree ├── cookie@0.4.0
70 silly currentTree ├── cors@2.8.5
70 silly currentTree ├── csstype@3.0.2
70 silly currentTree ├── debug@2.6.9
70 silly currentTree ├── depd@1.1.2
70 silly currentTree ├── destroy@1.0.4
70 silly currentTree ├── dicer@0.3.0
70 silly currentTree ├── dom-helpers@5.2.0
70 silly currentTree ├── ee-first@1.1.1
70 silly currentTree ├── encodeurl@1.0.2
70 silly currentTree ├── escape-html@1.0.3
70 silly currentTree ├── etag@1.8.1
70 silly currentTree ├── express-fileupload@1.2.0
70 silly currentTree ├── express@4.17.1
70 silly currentTree ├── finalhandler@1.1.2
70 silly currentTree ├── forwarded@0.1.2
70 silly currentTree ├── fresh@0.5.2
70 silly currentTree ├── http-errors@1.7.2
70 silly currentTree ├── iconv-lite@0.4.24
70 silly currentTree ├── inherits@2.0.3
70 silly currentTree ├── invariant@2.2.4
70 silly currentTree ├── ipaddr.js@1.9.1
70 silly currentTree ├── js-tokens@4.0.0
70 silly currentTree ├── lodash-es@4.17.15
70 silly currentTree ├── lodash-express@0.2.0
70 silly currentTree ├── lodash._reinterpolate@3.0.0
70 silly currentTree ├── lodash.template@4.5.0
70 silly currentTree ├── lodash.templatesettings@4.2.0
70 silly currentTree ├── lodash@4.17.20
70 silly currentTree ├── loose-envify@1.4.0
70 silly currentTree ├── media-typer@0.3.0
70 silly currentTree ├── merge-descriptors@1.0.1
70 silly currentTree ├── methods@1.1.2
70 silly currentTree ├── mime-db@1.44.0
70 silly currentTree ├── mime-types@2.1.27
70 silly currentTree ├── mime@1.6.0
70 silly currentTree ├── ms@2.0.0
70 silly currentTree ├── negotiator@0.6.2
70 silly currentTree ├── object-assign@4.1.1
70 silly currentTree ├── on-finished@2.3.0
70 silly currentTree ├── parseurl@1.3.3
70 silly currentTree ├── path-to-regexp@0.1.7
70 silly currentTree ├── prop-types-extra@1.1.1
70 silly currentTree ├── prop-types@15.7.2
70 silly currentTree ├── proxy-addr@2.0.6
70 silly currentTree ├── qs@6.7.0
70 silly currentTree ├── range-parser@1.2.1
70 silly currentTree ├── raw-body@2.4.0
70 silly currentTree ├── react-bootstrap@1.3.0
70 silly currentTree ├── react-is@16.13.1
70 silly currentTree ├── react-lifecycles-compat@3.0.4
70 silly currentTree ├── react-overlays@4.1.0
70 silly currentTree ├── react-transition-group@4.4.1
70 silly currentTree ├── regenerator-runtime@0.13.7
70 silly currentTree ├── safe-buffer@5.1.2
70 silly currentTree ├── safer-buffer@2.1.2
70 silly currentTree ├─┬ send@0.17.1
70 silly currentTree │ └── ms@2.1.1
70 silly currentTree ├── serve-static@1.14.1
70 silly currentTree ├── setprototypeof@1.1.1
70 silly currentTree ├── statuses@1.5.0
70 silly currentTree ├── streamsearch@0.1.2
70 silly currentTree ├── toidentifier@1.0.0
70 silly currentTree ├── type-is@1.6.18
70 silly currentTree ├── uncontrollable@7.1.1
70 silly currentTree ├── unpipe@1.0.0
70 silly currentTree ├── utils-merge@1.0.1
70 silly currentTree ├── vary@1.1.2
70 silly currentTree └── warning@4.0.3
71 silly idealTree cristian
71 silly idealTree ├── @babel/runtime@7.11.2
71 silly idealTree ├── @popperjs/core@2.4.4
71 silly idealTree ├── @restart/context@2.1.4
71 silly idealTree ├── @restart/hooks@0.3.25
71 silly idealTree ├── @types/classnames@2.2.10
71 silly idealTree ├── @types/invariant@2.2.33
71 silly idealTree ├── @types/prop-types@15.7.3
71 silly idealTree ├── @types/react-transition-group@4.4.0
71 silly idealTree ├── @types/react@16.9.46
71 silly idealTree ├── @types/warning@3.0.0
71 silly idealTree ├── accepts@1.3.7
71 silly idealTree ├── array-flatten@1.1.1
71 silly idealTree ├── async@0.2.10
71 silly idealTree ├── body-parser@1.19.0
71 silly idealTree ├── bootstrap@4.5.2
71 silly idealTree ├── busboy@0.3.1
71 silly idealTree ├── bytes@3.1.0
71 silly idealTree ├── classnames@2.2.6
71 silly idealTree ├── content-disposition@0.5.3
71 silly idealTree ├── content-type@1.0.4
71 silly idealTree ├── cookie-signature@1.0.6
71 silly idealTree ├── cookie@0.4.0
71 silly idealTree ├── cors@2.8.5
71 silly idealTree ├── csstype@3.0.2
71 silly idealTree ├── debug@2.6.9
71 silly idealTree ├── depd@1.1.2
71 silly idealTree ├── destroy@1.0.4
71 silly idealTree ├── dicer@0.3.0
71 silly idealTree ├── dom-helpers@5.2.0
71 silly idealTree ├── ee-first@1.1.1
71 silly idealTree ├── encodeurl@1.0.2
71 silly idealTree ├── escape-html@1.0.3
71 silly idealTree ├── etag@1.8.1
71 silly idealTree ├── express-fileupload@1.2.0
71 silly idealTree ├── express@4.17.1
71 silly idealTree ├── finalhandler@1.1.2
71 silly idealTree ├── forwarded@0.1.2
71 silly idealTree ├── fresh@0.5.2
71 silly idealTree ├── http-errors@1.7.2
71 silly idealTree ├── iconv-lite@0.4.24
71 silly idealTree ├── inherits@2.0.3
71 silly idealTree ├── invariant@2.2.4
71 silly idealTree ├── ipaddr.js@1.9.1
71 silly idealTree ├── js-tokens@4.0.0
71 silly idealTree ├── lodash-es@4.17.15
71 silly idealTree ├── lodash-express@0.2.0
71 silly idealTree ├── lodash._reinterpolate@3.0.0
71 silly idealTree ├── lodash.get@4.4.2
71 silly idealTree ├── lodash.template@4.5.0
71 silly idealTree ├── lodash.templatesettings@4.2.0
71 silly idealTree ├── lodash@4.17.20
71 silly idealTree ├── loose-envify@1.4.0
71 silly idealTree ├── media-typer@0.3.0
71 silly idealTree ├── merge-descriptors@1.0.1
71 silly idealTree ├── methods@1.1.2
71 silly idealTree ├── mime-db@1.44.0
71 silly idealTree ├── mime-types@2.1.27
71 silly idealTree ├── mime@1.6.0
71 silly idealTree ├── ms@2.0.0
71 silly idealTree ├── negotiator@0.6.2
71 silly idealTree ├── object-assign@4.1.1
71 silly idealTree ├── on-finished@2.3.0
71 silly idealTree ├── parseurl@1.3.3
71 silly idealTree ├── path-to-regexp@0.1.7
71 silly idealTree ├── prop-types-extra@1.1.1
71 silly idealTree ├── prop-types@15.7.2
71 silly idealTree ├── proxy-addr@2.0.6
71 silly idealTree ├── qs@6.7.0
71 silly idealTree ├── range-parser@1.2.1
71 silly idealTree ├── raw-body@2.4.0
71 silly idealTree ├── react-bootstrap@1.3.0
71 silly idealTree ├── react-is@16.13.1
71 silly idealTree ├── react-lifecycles-compat@3.0.4
71 silly idealTree ├── react-overlays@4.1.0
71 silly idealTree ├── react-transition-group@4.4.1
71 silly idealTree ├── regenerator-runtime@0.13.7
71 silly idealTree ├── safe-buffer@5.1.2
71 silly idealTree ├── safer-buffer@2.1.2
71 silly idealTree ├─┬ send@0.17.1
71 silly idealTree │ └── ms@2.1.1
71 silly idealTree ├── serve-static@1.14.1
71 silly idealTree ├── setprototypeof@1.1.1
71 silly idealTree ├── statuses@1.5.0
71 silly idealTree ├── streamsearch@0.1.2
71 silly idealTree ├── toidentifier@1.0.0
71 silly idealTree ├── type-is@1.6.18
71 silly idealTree ├── uncontrollable@7.1.1
71 silly idealTree ├── unpipe@1.0.0
71 silly idealTree ├── utils-merge@1.0.1
71 silly idealTree ├── vary@1.1.2
71 silly idealTree └── warning@4.0.3
72 silly generateActionsToTake Starting
73 silly install generateActionsToTake
74 warn checkPermissions Missing write access to /home/cristian/node_modules/lodash
75 warn checkPermissions Missing write access to /home/cristian/node_modules/lodash-express
76 silly rollbackFailedOptional Starting
77 silly rollbackFailedOptional Finishing
78 silly runTopLevelLifecycles Starting
79 silly runTopLevelLifecycles Finishing
80 silly install printInstalled
81 warn enoent ENOENT: no such file or directory, open '/home/cristian/package.json'
82 warn @restart/context@2.1.4 requires a peer of react@>=16.3.2 but none was installed.
83 warn @restart/hooks@0.3.25 requires a peer of react@^16.8.0 but none was installed.
84 warn bootstrap@4.5.2 requires a peer of jquery@1.9.1 - 3 but none was installed.
85 warn bootstrap@4.5.2 requires a peer of popper.js@^1.16.1 but none was installed.
86 warn prop-types-extra@1.1.1 requires a peer of react@>=0.14.0 but none was installed.
87 warn react-bootstrap@1.3.0 requires a peer of react@>=16.8.0 but none was installed.
88 warn react-bootstrap@1.3.0 requires a peer of react-dom@>=16.8.0 but none was installed.
89 warn react-overlays@4.1.0 requires a peer of react@>=16.3.0 but none was installed.
90 warn react-overlays@4.1.0 requires a peer of react-dom@>=16.3.0 but none was installed.
91 warn react-transition-group@4.4.1 requires a peer of react@>=16.6.0 but none was installed.
92 warn react-transition-group@4.4.1 requires a peer of react-dom@>=16.6.0 but none was installed.
93 warn uncontrollable@7.1.1 requires a peer of react@>=15.0.0 but none was installed.
94 warn cristian No description
95 warn cristian No repository field.
96 warn cristian No README data
97 warn cristian No license field.
98 verbose stack Error: EACCES: permission denied, access '/home/cristian/node_modules/lodash'
99 verbose cwd /home/cristian/Documents/cursoUdemy/FullStackUdemy/formulario
100 error Linux 5.4.0-47-generic
101 error argv "/usr/bin/node" "/usr/bin/npm" "i" "--save" "lodash.get"
102 error node v8.10.0
103 error npm  v3.5.2
104 error path /home/cristian/node_modules/lodash
105 error code EACCES
106 error errno -13
107 error syscall access
108 error Error: EACCES: permission denied, access '/home/cristian/node_modules/lodash'
108 error  { Error: EACCES: permission denied, access '/home/cristian/node_modules/lodash'
108 error   errno: -13,
108 error   code: 'EACCES',
108 error   syscall: 'access',
108 error   path: '/home/cristian/node_modules/lodash' }
109 error Please try running this command again as root/Administrator.
110 verbose exit [ -13, true ]
